<?xml version="1.0" encoding="UTF-8"?><testrun name="CustomerBillingControllerTest" project="retailstore" tests="3" started="3" failures="0" errors="3" ignored="0">
  <testsuite name="com.store.sincro.tests.CustomerBillingControllerTest">
    <testcase name="initializationError" classname="com.store.sincro.tests.CustomerBillingControllerTest" incomplete="true"/>
    <testcase name="initializationError" classname="com.store.sincro.tests.CustomerBillingControllerTest" incomplete="true"/>
    <testcase name="initializationError" classname="com.store.sincro.tests.CustomerBillingControllerTest" time="0.0">
      <error>java.lang.Exception: The class com.store.sincro.tests.CustomerBillingControllerTest is not public.&#13;
	at org.junit.validator.PublicClassValidator.validateTestClass(PublicClassValidator.java:29)&#13;
	at org.junit.runners.ParentRunner.applyValidators(ParentRunner.java:134)&#13;
	at org.junit.runners.ParentRunner.collectInitializationErrors(ParentRunner.java:128)&#13;
	at org.junit.runners.BlockJUnit4ClassRunner.collectInitializationErrors(BlockJUnit4ClassRunner.java:124)&#13;
	at org.junit.runners.ParentRunner.validate(ParentRunner.java:416)&#13;
	at org.junit.runners.ParentRunner.&lt;init&gt;(ParentRunner.java:84)&#13;
	at org.junit.runners.BlockJUnit4ClassRunner.&lt;init&gt;(BlockJUnit4ClassRunner.java:65)&#13;
	at org.junit.internal.builders.JUnit4Builder.runnerForClass(JUnit4Builder.java:10)&#13;
	at org.junit.runners.model.RunnerBuilder.safeRunnerForClass(RunnerBuilder.java:59)&#13;
	at org.junit.internal.builders.AllDefaultPossibilitiesBuilder.runnerForClass(AllDefaultPossibilitiesBuilder.java:26)&#13;
	at org.junit.runners.model.RunnerBuilder.safeRunnerForClass(RunnerBuilder.java:59)&#13;
	at org.junit.internal.requests.ClassRequest.getRunner(ClassRequest.java:33)&#13;
	at org.eclipse.jdt.internal.junit4.runner.JUnit4TestLoader.createUnfilteredTest(JUnit4TestLoader.java:87)&#13;
	at org.eclipse.jdt.internal.junit4.runner.JUnit4TestLoader.createTest(JUnit4TestLoader.java:73)&#13;
	at org.eclipse.jdt.internal.junit4.runner.JUnit4TestLoader.loadTests(JUnit4TestLoader.java:46)&#13;
	at org.eclipse.jdt.internal.junit.runner.RemoteTestRunner.runTests(RemoteTestRunner.java:522)&#13;
	at org.eclipse.jdt.internal.junit.runner.RemoteTestRunner.runTests(RemoteTestRunner.java:760)&#13;
	at org.eclipse.jdt.internal.junit.runner.RemoteTestRunner.run(RemoteTestRunner.java:460)&#13;
	at org.eclipse.jdt.internal.junit.runner.RemoteTestRunner.main(RemoteTestRunner.java:206)&#13;
&#13;
java.lang.Exception: Test class should have exactly one public constructor&#13;
	at org.junit.runners.BlockJUnit4ClassRunner.validateOnlyOneConstructor(BlockJUnit4ClassRunner.java:158)&#13;
	at org.junit.runners.BlockJUnit4ClassRunner.validateConstructor(BlockJUnit4ClassRunner.java:147)&#13;
	at org.junit.runners.BlockJUnit4ClassRunner.collectInitializationErrors(BlockJUnit4ClassRunner.java:127)&#13;
	at org.junit.runners.ParentRunner.validate(ParentRunner.java:416)&#13;
	at org.junit.runners.ParentRunner.&lt;init&gt;(ParentRunner.java:84)&#13;
	at org.junit.runners.BlockJUnit4ClassRunner.&lt;init&gt;(BlockJUnit4ClassRunner.java:65)&#13;
	at org.junit.internal.builders.JUnit4Builder.runnerForClass(JUnit4Builder.java:10)&#13;
	at org.junit.runners.model.RunnerBuilder.safeRunnerForClass(RunnerBuilder.java:59)&#13;
	at org.junit.internal.builders.AllDefaultPossibilitiesBuilder.runnerForClass(AllDefaultPossibilitiesBuilder.java:26)&#13;
	at org.junit.runners.model.RunnerBuilder.safeRunnerForClass(RunnerBuilder.java:59)&#13;
	at org.junit.internal.requests.ClassRequest.getRunner(ClassRequest.java:33)&#13;
	at org.eclipse.jdt.internal.junit4.runner.JUnit4TestLoader.createUnfilteredTest(JUnit4TestLoader.java:87)&#13;
	at org.eclipse.jdt.internal.junit4.runner.JUnit4TestLoader.createTest(JUnit4TestLoader.java:73)&#13;
	at org.eclipse.jdt.internal.junit4.runner.JUnit4TestLoader.loadTests(JUnit4TestLoader.java:46)&#13;
	at org.eclipse.jdt.internal.junit.runner.RemoteTestRunner.runTests(RemoteTestRunner.java:522)&#13;
	at org.eclipse.jdt.internal.junit.runner.RemoteTestRunner.runTests(RemoteTestRunner.java:760)&#13;
	at org.eclipse.jdt.internal.junit.runner.RemoteTestRunner.run(RemoteTestRunner.java:460)&#13;
	at org.eclipse.jdt.internal.junit.runner.RemoteTestRunner.main(RemoteTestRunner.java:206)&#13;
&#13;
java.lang.Exception: Method test1() should be public&#13;
	at org.junit.runners.model.FrameworkMethod.validatePublicVoid(FrameworkMethod.java:96)&#13;
	at org.junit.runners.model.FrameworkMethod.validatePublicVoidNoArg(FrameworkMethod.java:74)&#13;
	at org.junit.runners.ParentRunner.validatePublicVoidNoArgMethods(ParentRunner.java:155)&#13;
	at org.junit.runners.BlockJUnit4ClassRunner.validateTestMethods(BlockJUnit4ClassRunner.java:208)&#13;
	at org.junit.runners.BlockJUnit4ClassRunner.validateInstanceMethods(BlockJUnit4ClassRunner.java:188)&#13;
	at org.junit.runners.BlockJUnit4ClassRunner.collectInitializationErrors(BlockJUnit4ClassRunner.java:128)&#13;
	at org.junit.runners.ParentRunner.validate(ParentRunner.java:416)&#13;
	at org.junit.runners.ParentRunner.&lt;init&gt;(ParentRunner.java:84)&#13;
	at org.junit.runners.BlockJUnit4ClassRunner.&lt;init&gt;(BlockJUnit4ClassRunner.java:65)&#13;
	at org.junit.internal.builders.JUnit4Builder.runnerForClass(JUnit4Builder.java:10)&#13;
	at org.junit.runners.model.RunnerBuilder.safeRunnerForClass(RunnerBuilder.java:59)&#13;
	at org.junit.internal.builders.AllDefaultPossibilitiesBuilder.runnerForClass(AllDefaultPossibilitiesBuilder.java:26)&#13;
	at org.junit.runners.model.RunnerBuilder.safeRunnerForClass(RunnerBuilder.java:59)&#13;
	at org.junit.internal.requests.ClassRequest.getRunner(ClassRequest.java:33)&#13;
	at org.eclipse.jdt.internal.junit4.runner.JUnit4TestLoader.createUnfilteredTest(JUnit4TestLoader.java:87)&#13;
	at org.eclipse.jdt.internal.junit4.runner.JUnit4TestLoader.createTest(JUnit4TestLoader.java:73)&#13;
	at org.eclipse.jdt.internal.junit4.runner.JUnit4TestLoader.loadTests(JUnit4TestLoader.java:46)&#13;
	at org.eclipse.jdt.internal.junit.runner.RemoteTestRunner.runTests(RemoteTestRunner.java:522)&#13;
	at org.eclipse.jdt.internal.junit.runner.RemoteTestRunner.runTests(RemoteTestRunner.java:760)&#13;
	at org.eclipse.jdt.internal.junit.runner.RemoteTestRunner.run(RemoteTestRunner.java:460)&#13;
	at org.eclipse.jdt.internal.junit.runner.RemoteTestRunner.main(RemoteTestRunner.java:206)&#13;
&#13;
</error>
    </testcase>
  </testsuite>
</testrun>
